12-Oct-2018 08:17:26.492 INFOS [localhost-startStop-1] org.apache.catalina.core.ApplicationContext.log ContextListener: contextInitialized()
12-Oct-2018 08:17:26.492 INFOS [localhost-startStop-1] org.apache.catalina.core.ApplicationContext.log SessionListener: contextInitialized()
12-Oct-2018 08:17:26.494 INFOS [localhost-startStop-1] org.apache.catalina.core.ApplicationContext.log ContextListener: attributeAdded('StockTicker', 'async.Stockticker@70faba5c')
12-Oct-2018 08:28:10.809 INFOS [localhost-startStop-3] org.apache.catalina.core.ApplicationContext.log SessionListener: contextDestroyed()
12-Oct-2018 08:28:10.809 INFOS [localhost-startStop-3] org.apache.catalina.core.ApplicationContext.log ContextListener: contextDestroyed()
12-Oct-2018 08:28:14.864 INFOS [localhost-startStop-1] org.apache.catalina.core.ApplicationContext.log ContextListener: contextInitialized()
12-Oct-2018 08:28:14.864 INFOS [localhost-startStop-1] org.apache.catalina.core.ApplicationContext.log SessionListener: contextInitialized()
12-Oct-2018 08:28:14.865 INFOS [localhost-startStop-1] org.apache.catalina.core.ApplicationContext.log ContextListener: attributeAdded('StockTicker', 'async.Stockticker@7aee3c34')
12-Oct-2018 08:32:45.123 INFOS [ContainerBackgroundProcessor[StandardEngine[Catalina]]] org.apache.catalina.core.ApplicationContext.log SessionListener: contextDestroyed()
12-Oct-2018 08:32:45.123 INFOS [ContainerBackgroundProcessor[StandardEngine[Catalina]]] org.apache.catalina.core.ApplicationContext.log ContextListener: contextDestroyed()
12-Oct-2018 08:52:36.895 INFOS [localhost-startStop-2] org.apache.catalina.core.ApplicationContext.log ContextListener: contextInitialized()
12-Oct-2018 08:52:36.895 INFOS [localhost-startStop-2] org.apache.catalina.core.ApplicationContext.log SessionListener: contextInitialized()
12-Oct-2018 08:52:36.897 INFOS [localhost-startStop-2] org.apache.catalina.core.ApplicationContext.log ContextListener: attributeAdded('StockTicker', 'async.Stockticker@5c119b80')
12-Oct-2018 08:52:38.593 INFOS [localhost-startStop-2] org.apache.catalina.core.ApplicationContext.log SessionListener: contextDestroyed()
12-Oct-2018 08:52:38.593 INFOS [localhost-startStop-2] org.apache.catalina.core.ApplicationContext.log ContextListener: contextDestroyed()
12-Oct-2018 08:52:41.739 INFOS [localhost-startStop-1] org.apache.catalina.core.ApplicationContext.log ContextListener: contextInitialized()
12-Oct-2018 08:52:41.740 INFOS [localhost-startStop-1] org.apache.catalina.core.ApplicationContext.log SessionListener: contextInitialized()
12-Oct-2018 08:52:41.741 INFOS [localhost-startStop-1] org.apache.catalina.core.ApplicationContext.log ContextListener: attributeAdded('StockTicker', 'async.Stockticker@7aee3c34')
12-Oct-2018 08:53:21.903 INFOS [ContainerBackgroundProcessor[StandardEngine[Catalina]]] org.apache.catalina.core.ApplicationContext.log SessionListener: contextDestroyed()
12-Oct-2018 08:53:21.903 INFOS [ContainerBackgroundProcessor[StandardEngine[Catalina]]] org.apache.catalina.core.ApplicationContext.log ContextListener: contextDestroyed()
12-Oct-2018 08:53:22.209 INFOS [localhost-startStop-2] org.apache.catalina.core.ApplicationContext.log ContextListener: contextInitialized()
12-Oct-2018 08:53:22.210 INFOS [localhost-startStop-2] org.apache.catalina.core.ApplicationContext.log SessionListener: contextInitialized()
12-Oct-2018 08:53:22.211 INFOS [localhost-startStop-2] org.apache.catalina.core.ApplicationContext.log ContextListener: attributeAdded('StockTicker', 'async.Stockticker@405e412')
12-Oct-2018 08:54:02.570 INFOS [localhost-startStop-3] org.apache.catalina.core.ApplicationContext.log SessionListener: contextDestroyed()
12-Oct-2018 08:54:02.570 INFOS [localhost-startStop-3] org.apache.catalina.core.ApplicationContext.log ContextListener: contextDestroyed()
12-Oct-2018 08:54:05.632 INFOS [localhost-startStop-1] org.apache.catalina.core.ApplicationContext.log ContextListener: contextInitialized()
12-Oct-2018 08:54:05.632 INFOS [localhost-startStop-1] org.apache.catalina.core.ApplicationContext.log SessionListener: contextInitialized()
12-Oct-2018 08:54:05.633 INFOS [localhost-startStop-1] org.apache.catalina.core.ApplicationContext.log ContextListener: attributeAdded('StockTicker', 'async.Stockticker@28050c0d')
12-Oct-2018 10:06:38.733 GRAVE [http-nio-8080-exec-135] org.apache.catalina.core.StandardWrapperValve.invoke "Servlet.service()" pour la servlet [fr.ub.m2.servlet.HelloServlet] a généré une exception
 java.lang.NullPointerException
	at fr.ub.m2.servlet.HelloServlet.doGet(HelloServlet.java:16)
	at javax.servlet.http.HttpServlet.service(HttpServlet.java:635)
	at javax.servlet.http.HttpServlet.service(HttpServlet.java:742)
	at org.apache.catalina.core.ApplicationFilterChain.internalDoFilter(ApplicationFilterChain.java:231)
	at org.apache.catalina.core.ApplicationFilterChain.doFilter(ApplicationFilterChain.java:166)
	at org.apache.tomcat.websocket.server.WsFilter.doFilter(WsFilter.java:52)
	at org.apache.catalina.core.ApplicationFilterChain.internalDoFilter(ApplicationFilterChain.java:193)
	at org.apache.catalina.core.ApplicationFilterChain.doFilter(ApplicationFilterChain.java:166)
	at org.apache.catalina.core.StandardWrapperValve.invoke(StandardWrapperValve.java:198)
	at org.apache.catalina.core.StandardContextValve.invoke(StandardContextValve.java:96)
	at org.apache.catalina.authenticator.AuthenticatorBase.invoke(AuthenticatorBase.java:493)
	at org.apache.catalina.core.StandardHostValve.invoke(StandardHostValve.java:140)
	at org.apache.catalina.valves.ErrorReportValve.invoke(ErrorReportValve.java:81)
	at org.apache.catalina.valves.AbstractAccessLogValve.invoke(AbstractAccessLogValve.java:650)
	at org.apache.catalina.core.StandardEngineValve.invoke(StandardEngineValve.java:87)
	at org.apache.catalina.connector.CoyoteAdapter.service(CoyoteAdapter.java:342)
	at org.apache.coyote.http11.Http11Processor.service(Http11Processor.java:800)
	at org.apache.coyote.AbstractProcessorLight.process(AbstractProcessorLight.java:66)
	at org.apache.coyote.AbstractProtocol$ConnectionHandler.process(AbstractProtocol.java:806)
	at org.apache.tomcat.util.net.NioEndpoint$SocketProcessor.doRun(NioEndpoint.java:1498)
	at org.apache.tomcat.util.net.SocketProcessorBase.run(SocketProcessorBase.java:49)
	at java.util.concurrent.ThreadPoolExecutor.runWorker(ThreadPoolExecutor.java:1149)
	at java.util.concurrent.ThreadPoolExecutor$Worker.run(ThreadPoolExecutor.java:624)
	at org.apache.tomcat.util.threads.TaskThread$WrappingRunnable.run(TaskThread.java:61)
	at java.lang.Thread.run(Thread.java:748)

